\BOOKMARK [0][-]{section*.10}{Contents}{}% 1
\BOOKMARK [0][-]{chapter.1}{The World of Haeckel}{}% 2
\BOOKMARK [1][-]{section*.13}{Genre}{chapter.1}% 3
\BOOKMARK [1][-]{section*.14}{The Realm of Haeckel}{chapter.1}% 4
\BOOKMARK [1][-]{section*.19}{History}{chapter.1}% 5
\BOOKMARK [1][-]{section*.26}{The Geography of Haeckel}{chapter.1}% 6
\BOOKMARK [1][-]{section*.39}{Culture}{chapter.1}% 7
\BOOKMARK [1][-]{section*.50}{Technology Overview}{chapter.1}% 8
\BOOKMARK [1][-]{section*.57}{Lexicon}{chapter.1}% 9
\BOOKMARK [1][-]{section*.58}{Adventure Sites}{chapter.1}% 10
\BOOKMARK [0][-]{chapter.2}{Character Creation}{}% 11
\BOOKMARK [1][-]{section*.59}{Basic System 1st Level}{chapter.2}% 12
\BOOKMARK [1][-]{section*.60}{Advanced System 1st level}{chapter.2}% 13
\BOOKMARK [1][-]{section*.61}{0th Level}{chapter.2}% 14
\BOOKMARK [0][-]{chapter.3}{Races}{}% 15
\BOOKMARK [1][-]{section*.62}{Approaches}{chapter.3}% 16
\BOOKMARK [1][-]{section*.64}{Overview}{chapter.3}% 17
\BOOKMARK [1][-]{section*.65}{Dark Elf}{chapter.3}% 18
\BOOKMARK [1][-]{section*.67}{Dwarf}{chapter.3}% 19
\BOOKMARK [1][-]{section*.72}{Duergar}{chapter.3}% 20
\BOOKMARK [1][-]{section*.78}{Fire Giant}{chapter.3}% 21
\BOOKMARK [1][-]{section*.84}{Gnoll}{chapter.3}% 22
\BOOKMARK [1][-]{section*.92}{Gnome}{chapter.3}% 23
\BOOKMARK [1][-]{section*.98}{Half Elves}{chapter.3}% 24
\BOOKMARK [1][-]{section*.103}{Halfling}{chapter.3}% 25
\BOOKMARK [1][-]{section*.110}{Human}{chapter.3}% 26
\BOOKMARK [1][-]{section*.117}{Minotaur}{chapter.3}% 27
\BOOKMARK [1][-]{section*.124}{Tzuchi}{chapter.3}% 28
\BOOKMARK [1][-]{section*.134}{Wood Elf}{chapter.3}% 29
\BOOKMARK [0][-]{chapter.4}{Core Classes}{}% 30
\BOOKMARK [1][-]{section*.141}{Fighter}{chapter.4}% 31
\BOOKMARK [1][-]{section*.142}{Wizard}{chapter.4}% 32
\BOOKMARK [1][-]{section*.143}{Rogue}{chapter.4}% 33
\BOOKMARK [1][-]{section*.144}{Cleric}{chapter.4}% 34
\BOOKMARK [0][-]{chapter.5}{Personality}{}% 35
\BOOKMARK [0][-]{chapter.6}{Campaign Classes}{}% 36
\BOOKMARK [1][-]{section*.164}{Dying Rat Minotaur}{chapter.6}% 37
\BOOKMARK [1][-]{section*.165}{Crusader Minotaur}{chapter.6}% 38
\BOOKMARK [1][-]{section*.166}{Midgaardian Spymaster}{chapter.6}% 39
\BOOKMARK [1][-]{section*.167}{Midgaardian Crusader}{chapter.6}% 40
\BOOKMARK [1][-]{section*.168}{Midgaardian Knight Errant}{chapter.6}% 41
\BOOKMARK [1][-]{section*.169}{Brouliard Cavalier}{chapter.6}% 42
\BOOKMARK [1][-]{section*.170}{Brouliard Courtier}{chapter.6}% 43
\BOOKMARK [1][-]{section*.171}{Brouliard Musketeer}{chapter.6}% 44
\BOOKMARK [1][-]{section*.172}{Nessian Vikingr}{chapter.6}% 45
\BOOKMARK [1][-]{section*.173}{Nessian Ranger of the Black Thumb}{chapter.6}% 46
\BOOKMARK [1][-]{section*.174}{Abloni Gladiator}{chapter.6}% 47
\BOOKMARK [1][-]{section*.175}{Abloni Legionnaire Mercenary}{chapter.6}% 48
\BOOKMARK [1][-]{section*.176}{Abyssian Witch Doctor}{chapter.6}% 49
\BOOKMARK [1][-]{section*.177}{Abyssian Chariot Archer}{chapter.6}% 50
\BOOKMARK [1][-]{section*.178}{Venturer}{chapter.6}% 51
\BOOKMARK [0][-]{chapter.7}{Backgrounds}{}% 52
\BOOKMARK [1][-]{section*.179}{Social Class}{chapter.7}% 53
\BOOKMARK [1][-]{section*.180}{Family}{chapter.7}% 54
\BOOKMARK [0][-]{chapter.8}{Feats}{}% 55
\BOOKMARK [0][-]{chapter.9}{Cosmology}{}% 56
\BOOKMARK [1][-]{section*.238}{Creation Myths}{chapter.9}% 57
\BOOKMARK [1][-]{section*.239}{Haeckel Pantheon}{chapter.9}% 58
\BOOKMARK [1][-]{section*.263}{Abyssimiar Pantheon}{chapter.9}% 59
\BOOKMARK [1][-]{section*.264}{The Seven Major Cosmologies of Haeckel}{chapter.9}% 60
\BOOKMARK [0][-]{chapter.10}{Equipment}{}% 61
\BOOKMARK [1][-]{section*.272}{Simple Exploration Logistics}{chapter.10}% 62
\BOOKMARK [1][-]{section*.273}{Starting Equipment Sets}{chapter.10}% 63
\BOOKMARK [1][-]{section*.288}{Equipment Kits}{chapter.10}% 64
\BOOKMARK [0][-]{chapter.11}{Friends and Foes}{}% 65
\BOOKMARK [1][-]{section*.301}{Factions}{chapter.11}% 66
\BOOKMARK [1][-]{section*.311}{Important Characters}{chapter.11}% 67
\BOOKMARK [0][-]{chapter.12}{The Campaign}{}% 68
\BOOKMARK [1][-]{section*.412}{Thieves Guilds of Haeckel}{chapter.12}% 69
\BOOKMARK [1][-]{section*.413}{Campaign Play: Crime Rules}{chapter.12}% 70
\BOOKMARK [1][-]{section*.414}{Restricted Goods}{chapter.12}% 71
\BOOKMARK [0][-]{appendix.A}{Example Sheets}{}% 72
\BOOKMARK [1][-]{section*.415}{Human Fighters}{appendix.A}% 73
\BOOKMARK [0][-]{appendix.B}{Book of Villains}{}% 74
\BOOKMARK [1][-]{section*.423}{Trauerfall the Spectre}{appendix.B}% 75
\BOOKMARK [1][-]{section*.424}{Cwealm the Plunderer, Scion of Ma'asei}{appendix.B}% 76
\BOOKMARK [1][-]{section*.425}{Abholzung the Bringer of Famine, Terror of Feykind}{appendix.B}% 77
\BOOKMARK [1][-]{section*.426}{Bragol Amarth the Sudden Doom}{appendix.B}% 78
\BOOKMARK [1][-]{section*.427}{Zyprexa, Seer of the Eternal Night}{appendix.B}% 79
\BOOKMARK [1][-]{section*.428}{Del Ampa the Hooked Horror}{appendix.B}% 80
\BOOKMARK [1][-]{section*.429}{Rock the }{appendix.B}% 81
\BOOKMARK [1][-]{section*.430}{The Fist of Darkness, Dread Lord}{appendix.B}% 82
\BOOKMARK [1][-]{section*.431}{The Taskmaster and Impudent Terror}{appendix.B}% 83
\BOOKMARK [1][-]{section*.432}{Imperator of the Damned}{appendix.B}% 84
